Arguments: 
  /usr/local/bin/node /usr/share/yarn/bin/yarn.js install

PATH: 
  /home/gygoo/bin:/home/gygoo/.local/bin:/usr/local/sbin:/usr/local/bin:/usr/sbin:/usr/bin:/sbin:/bin:/usr/games:/usr/local/games

Yarn version: 
  1.3.2

Node version: 
  8.8.1

Platform: 
  linux x64

npm manifest: 
  {
    "name": "webpack_001",
    "version": "1.0.0",
    "description": "",
    "main": "index.js",
    "scripts": {
      "test": "echo \"Error: no test specified\" && exit 1",
      "build": "webpack index.js dist/bundle.js"
    },
    "author": "",
    "license": "ISC",
    "devDependencies": {
      "redux": "^3.7.2"
      "axios": "^0.17.0",
      "babel-core": "^6.26.0",
      "babel-loader": "^7.1.2",
      "babel-preset-env": "^1.6.1",
      "babel-preset-es2015": "^6.24.1",
      "css-loader": "^0.28.7",
      "file-loader": "^1.1.5",
      "jquery": "^3.2.1",
      "popper.js": "^1.12.6",
      "style-loader": "^0.19.0",
      "uglifyjs-webpack-plugin": "^1.0.1",
      "url-loader": "^0.6.2",
      "webpack": "^3.8.1",
      "webpack-dev-server": "^2.9.3"
    },
    "dependencies": {
      "bootstrap": "^4.0.0-beta.2"
    }
  }

yarn manifest: 
  No manifest

Lockfile: 
  # THIS IS AN AUTOGENERATED FILE. DO NOT EDIT THIS FILE DIRECTLY.
  # yarn lockfile v1
  
  
  js-tokens@^3.0.0:
    version "3.0.2"
    resolved "https://registry.yarnpkg.com/js-tokens/-/js-tokens-3.0.2.tgz#9866df395102130e38f7f996bceb65443209c25b"
  
  lodash-es@^4.2.1:
    version "4.17.4"
    resolved "https://registry.yarnpkg.com/lodash-es/-/lodash-es-4.17.4.tgz#dcc1d7552e150a0640073ba9cb31d70f032950e7"
  
  lodash@^4.2.1:
    version "4.17.4"
    resolved "https://registry.yarnpkg.com/lodash/-/lodash-4.17.4.tgz#78203a4d1c328ae1d86dca6460e369b57f4055ae"
  
  loose-envify@^1.1.0:
    version "1.3.1"
    resolved "https://registry.yarnpkg.com/loose-envify/-/loose-envify-1.3.1.tgz#d1a8ad33fa9ce0e713d65fdd0ac8b748d478c848"
    dependencies:
      js-tokens "^3.0.0"
  
  redux@^3.7.2:
    version "3.7.2"
    resolved "https://registry.yarnpkg.com/redux/-/redux-3.7.2.tgz#06b73123215901d25d065be342eb026bc1c8537b"
    dependencies:
      lodash "^4.2.1"
      lodash-es "^4.2.1"
      loose-envify "^1.1.0"
      symbol-observable "^1.0.3"
  
  symbol-observable@^1.0.3:
    version "1.0.4"
    resolved "https://registry.yarnpkg.com/symbol-observable/-/symbol-observable-1.0.4.tgz#29bf615d4aa7121bdd898b22d4b3f9bc4e2aa03d"

Trace: 
  SyntaxError: /var/www/html/redux_001/package.json: Unexpected string in JSON at position 303
      at JSON.parse (<anonymous>)
      at /usr/share/yarn/lib/cli.js:770:59
      at Generator.next (<anonymous>)
      at step (/usr/share/yarn/lib/cli.js:92:30)
      at /usr/share/yarn/lib/cli.js:103:13
      at <anonymous>
